<?xml version="1.0" encoding="UTF-8"?>
<testsuite name="io.github.spice.MessageTest" tests="5" skipped="0" failures="0" errors="0" timestamp="2025-07-10T13:07:23.487Z" hostname="devhubui-Macmini.local" time="0.021">
  <properties/>
  <testcase name="메시지 생성 테스트()" classname="io.github.spice.MessageTest" time="0.015"/>
  <testcase name="메타데이터 추가 테스트()" classname="io.github.spice.MessageTest" time="0.001"/>
  <testcase name="메시지 응답 생성 테스트()" classname="io.github.spice.MessageTest" time="0.0"/>
  <testcase name="메시지 전달 테스트()" classname="io.github.spice.MessageTest" time="0.0"/>
  <testcase name="메시지 타입 변경 테스트()" classname="io.github.spice.MessageTest" time="0.001"/>
  <system-out><![CDATA[]]></system-out>
  <system-err><![CDATA[]]></system-err>
</testsuite>
